Something is already running on port: 4100.
Segmentation fault (core dumped)
Segmentation fault (core dumped)
Segmentation fault (core dumped)
Segmentation fault (core dumped)
Segmentation fault (core dumped)
Segmentation fault (core dumped)
Segmentation fault (core dumped)
Segmentation fault (core dumped)
Segmentation fault (core dumped)
Segmentation fault (core dumped)
Floating exception (core dumped)
Floating exception (core dumped)
Floating exception (core dumped)
Floating exception (core dumped)
Floating exception (core dumped)
Segmentation fault (core dumped)
Segmentation fault (core dumped)
Segmentation fault (core dumped)
Segmentation fault (core dumped)
Segmentation fault (core dumped)
Segmentation fault (core dumped)
Segmentation fault (core dumped)
Segmentation fault (core dumped)
Segmentation fault (core dumped)
Segmentation fault (core dumped)
Segmentation fault (core dumped)
Segmentation fault (core dumped)
Segmentation fault (core dumped)
Segmentation fault (core dumped)
Segmentation fault (core dumped)
Segmentation fault (core dumped)
Segmentation fault (core dumped)
Segmentation fault (core dumped)
Terminated
Terminated
Segmentation fault (core dumped)
Abort (core dumped)
Segmentation fault (core dumped)
Abort (core dumped)
Abort (core dumped)
Abort (core dumped)
Segmentation fault (core dumped)
Segmentation fault (core dumped)
Segmentation fault (core dumped)
Segmentation fault (core dumped)
Abort (core dumped)
Segmentation fault
Abort
Abort
Abort
Abort
Abort
Terminated
Terminated
Segmentation fault
Segmentation fault
Segmentation fault
Segmentation fault
Segmentation fault
Segmentation fault
Segmentation fault
Segmentation fault
Segmentation fault
Segmentation fault
Segmentation fault
Segmentation fault
Segmentation fault
Segmentation fault
Segmentation fault
Segmentation fault
Segmentation fault
Segmentation fault
Segmentation fault
Segmentation fault
